-------------------------------------------------------------------------------
Test set: geoindex.test.SpatialRecordManagerTest
-------------------------------------------------------------------------------
Tests run: 3, Failures: 0, Errors: 3, Skipped: 0, Time elapsed: 0.058 s <<< FAILURE! -- in geoindex.test.SpatialRecordManagerTest
geoindex.test.SpatialRecordManagerTest.testPutAndSearchRadius -- Time elapsed: 0.032 s <<< ERROR!
java.lang.RuntimeException: writePage failed60712140
	at geoindex.storage.DiskManager.writePage(DiskManager.java:43)
	at geoindex.buffer.CacheManager.flush(CacheManager.java:37)
	at geoindex.buffer.CacheManager.close(CacheManager.java:48)
	at geoindex.test.SpatialRecordManagerTest.cleanup(SpatialRecordManagerTest.java:33)
	at java.base/java.lang.reflect.Method.invoke(Method.java:580)
	at java.base/java.util.ArrayList.forEach(ArrayList.java:1596)
	at java.base/java.util.ArrayList.forEach(ArrayList.java:1596)
Caused by: java.io.IOException: 디스크 공간이 부족합니다
	at java.base/java.io.RandomAccessFile.writeBytes0(Native Method)
	at java.base/java.io.RandomAccessFile.writeBytes(RandomAccessFile.java:572)
	at java.base/java.io.RandomAccessFile.write(RandomAccessFile.java:602)
	at geoindex.storage.DiskManager.writePage(DiskManager.java:41)
	... 6 more

geoindex.test.SpatialRecordManagerTest.testMultipleInserts -- Time elapsed: 0.006 s <<< ERROR!
java.lang.RuntimeException: writePage failed60712140
	at geoindex.storage.DiskManager.writePage(DiskManager.java:43)
	at geoindex.buffer.CacheManager.flush(CacheManager.java:37)
	at geoindex.buffer.CacheManager.close(CacheManager.java:48)
	at geoindex.test.SpatialRecordManagerTest.cleanup(SpatialRecordManagerTest.java:33)
	at java.base/java.lang.reflect.Method.invoke(Method.java:580)
	at java.base/java.util.ArrayList.forEach(ArrayList.java:1596)
	at java.base/java.util.ArrayList.forEach(ArrayList.java:1596)
Caused by: java.io.IOException: 디스크 공간이 부족합니다
	at java.base/java.io.RandomAccessFile.writeBytes0(Native Method)
	at java.base/java.io.RandomAccessFile.writeBytes(RandomAccessFile.java:572)
	at java.base/java.io.RandomAccessFile.write(RandomAccessFile.java:602)
	at geoindex.storage.DiskManager.writePage(DiskManager.java:41)
	... 6 more

geoindex.test.SpatialRecordManagerTest.testSearchRadiusEmpty -- Time elapsed: 0.002 s <<< ERROR!
java.nio.file.FileSystemException: test_spatial.db: 다른 프로세스가 파일을 사용 중이기 때문에 프로세스가 액세스 할 수 없습니다
	at java.base/sun.nio.fs.WindowsException.translateToIOException(WindowsException.java:92)
	at java.base/sun.nio.fs.WindowsException.rethrowAsIOException(WindowsException.java:103)
	at java.base/sun.nio.fs.WindowsException.rethrowAsIOException(WindowsException.java:108)
	at java.base/sun.nio.fs.WindowsFileSystemProvider.implDelete(WindowsFileSystemProvider.java:273)
	at java.base/sun.nio.fs.AbstractFileSystemProvider.deleteIfExists(AbstractFileSystemProvider.java:110)
	at java.base/java.nio.file.Files.deleteIfExists(Files.java:1192)
	at geoindex.test.SpatialRecordManagerTest.cleanup(SpatialRecordManagerTest.java:34)
	at java.base/java.lang.reflect.Method.invoke(Method.java:580)
	at java.base/java.util.ArrayList.forEach(ArrayList.java:1596)
	at java.base/java.util.ArrayList.forEach(ArrayList.java:1596)

