<?xml version="1.0" encoding="UTF-8"?>
<testsuite xmlns:xsi="http://www.w3.org/2001/XMLSchema-instance" xsi:noNamespaceSchemaLocation="https://maven.apache.org/surefire/maven-surefire-plugin/xsd/surefire-test-report-3.0.xsd" version="3.0" name="geoindex.test.SpatialRecordManagerTest" time="0.058" tests="3" errors="3" skipped="0" failures="0">
  <properties>
[...]
</properties>
  <testcase name="testPutAndSearchRadius" classname="geoindex.test.SpatialRecordManagerTest" time="0.032">
    <error message="writePage failed60712140" type="java.lang.RuntimeException"><![CDATA[java.lang.RuntimeException: writePage failed60712140
	at geoindex.storage.DiskManager.writePage(DiskManager.java:43)
	at geoindex.buffer.CacheManager.flush(CacheManager.java:37)
	at geoindex.buffer.CacheManager.close(CacheManager.java:48)
	at geoindex.test.SpatialRecordManagerTest.cleanup(SpatialRecordManagerTest.java:33)
	at java.base/java.lang.reflect.Method.invoke(Method.java:580)
	at java.base/java.util.ArrayList.forEach(ArrayList.java:1596)
	at java.base/java.util.ArrayList.forEach(ArrayList.java:1596)
Caused by: java.io.IOException: 디스크 공간이 부족합니다
	at java.base/java.io.RandomAccessFile.writeBytes0(Native Method)
	at java.base/java.io.RandomAccessFile.writeBytes(RandomAccessFile.java:572)
	at java.base/java.io.RandomAccessFile.write(RandomAccessFile.java:602)
	at geoindex.storage.DiskManager.writePage(DiskManager.java:41)
	... 6 more
]]></error>
    <system-out><![CDATA[pageIds 수: 15
minLatBits=23202 maxLatBits=23218
minLngBits=27941 maxLngBits=27951
lat loop 횟수: 17
lng loop 횟수: 11
검색 결과 수: 2
]]></system-out>
  </testcase>
  <testcase name="testMultipleInserts" classname="geoindex.test.SpatialRecordManagerTest" time="0.006">
    <error message="writePage failed60712140" type="java.lang.RuntimeException"><![CDATA[java.lang.RuntimeException: writePage failed60712140
	at geoindex.storage.DiskManager.writePage(DiskManager.java:43)
	at geoindex.buffer.CacheManager.flush(CacheManager.java:37)
	at geoindex.buffer.CacheManager.close(CacheManager.java:48)
	at geoindex.test.SpatialRecordManagerTest.cleanup(SpatialRecordManagerTest.java:33)
	at java.base/java.lang.reflect.Method.invoke(Method.java:580)
	at java.base/java.util.ArrayList.forEach(ArrayList.java:1596)
	at java.base/java.util.ArrayList.forEach(ArrayList.java:1596)
Caused by: java.io.IOException: 디스크 공간이 부족합니다
	at java.base/java.io.RandomAccessFile.writeBytes0(Native Method)
	at java.base/java.io.RandomAccessFile.writeBytes(RandomAccessFile.java:572)
	at java.base/java.io.RandomAccessFile.write(RandomAccessFile.java:602)
	at geoindex.storage.DiskManager.writePage(DiskManager.java:41)
	... 6 more
]]></error>
    <system-out><![CDATA[pageIds 수: 15
minLatBits=23202 maxLatBits=23218
minLngBits=27941 maxLngBits=27951
lat loop 횟수: 17
lng loop 횟수: 11
검색 결과 수: 100
]]></system-out>
  </testcase>
  <testcase name="testSearchRadiusEmpty" classname="geoindex.test.SpatialRecordManagerTest" time="0.002">
    <error message="test_spatial.db: 다른 프로세스가 파일을 사용 중이기 때문에 프로세스가 액세스 할 수 없습니다" type="java.nio.file.FileSystemException"><![CDATA[java.nio.file.FileSystemException: test_spatial.db: 다른 프로세스가 파일을 사용 중이기 때문에 프로세스가 액세스 할 수 없습니다
	at java.base/sun.nio.fs.WindowsException.translateToIOException(WindowsException.java:92)
	at java.base/sun.nio.fs.WindowsException.rethrowAsIOException(WindowsException.java:103)
	at java.base/sun.nio.fs.WindowsException.rethrowAsIOException(WindowsException.java:108)
	at java.base/sun.nio.fs.WindowsFileSystemProvider.implDelete(WindowsFileSystemProvider.java:273)
	at java.base/sun.nio.fs.AbstractFileSystemProvider.deleteIfExists(AbstractFileSystemProvider.java:110)
	at java.base/java.nio.file.Files.deleteIfExists(Files.java:1192)
	at geoindex.test.SpatialRecordManagerTest.cleanup(SpatialRecordManagerTest.java:34)
	at java.base/java.lang.reflect.Method.invoke(Method.java:580)
	at java.base/java.util.ArrayList.forEach(ArrayList.java:1596)
	at java.base/java.util.ArrayList.forEach(ArrayList.java:1596)
]]></error>
    <system-out><![CDATA[pageIds 수: 15
minLatBits=23202 maxLatBits=23218
minLngBits=27941 maxLngBits=27951
lat loop 횟수: 17
lng loop 횟수: 11
]]></system-out>
  </testcase>
</testsuite>