<?xml version="1.0" encoding="UTF-8"?>
<testsuite xmlns:xsi="http://www.w3.org/2001/XMLSchema-instance" xsi:noNamespaceSchemaLocation="https://maven.apache.org/surefire/maven-surefire-plugin/xsd/surefire-test-report-3.0.xsd" version="3.0" name="minidb.test.GeohashTest" time="0.024" tests="6" errors="0" skipped="0" failures="0">
  <properties>
[...]
</properties>
  <testcase name="testNeighborRoundTrip" classname="minidb.test.GeohashTest" time="0.001"/>
  <testcase name="toGeohash" classname="minidb.test.GeohashTest" time="0.001">
    <system-out><![CDATA[강남: wydm6d6
]]></system-out>
  </testcase>
  <testcase name="testInvalidGeohash" classname="minidb.test.GeohashTest" time="0.003"/>
  <testcase name="testSpatialLocality" classname="minidb.test.GeohashTest" time="0.004">
    <system-out><![CDATA[강남:  31084616070
근처:  31084616070
부산:  31079073299
]]></system-out>
  </testcase>
  <testcase name="toLong" classname="minidb.test.GeohashTest" time="0.003">
    <system-out><![CDATA[강남 Long : 31084616070
]]></system-out>
  </testcase>
  <testcase name="testGetNeighbors" classname="minidb.test.GeohashTest" time="0.001">
    <system-out><![CDATA[이웃 셀 수: 9
]]></system-out>
  </testcase>
</testsuite>